0|Testing... I am a bitch.|D
14939|Program is started with process id: 14939.|D
14939|Setup directory paths..|D
14939|Running commands..|D
14939|Command  started: cat ../data-store/bitmat-sample-1 ../data-store/bitmat-sample-2 > ../data-store/full-bitmat-sample.|D
14939|Command finished: cat ../data-store/bitmat-sample-1 ../data-store/bitmat-sample-2 > ../data-store/full-bitmat-sample.|D
14939|Command  started: sed -i 's/://g' ../data-store/full-bitmat-sample.|D
14939|Command finished: sed -i 's/://g' ../data-store/full-bitmat-sample.|D
14939|Command  started: sed -i 's/ /:/g' ../data-store/full-bitmat-sample.|D
14939|Command finished: sed -i 's/ /:/g' ../data-store/full-bitmat-sample.|D
14939|Command  started: sort -u ../data-store/full-bitmat-sample | awk -F: '{print $1}' > ../data-store/full-bitmat-sample-sub.|D
14939|Command finished: sort -u ../data-store/full-bitmat-sample | awk -F: '{print $1}' > ../data-store/full-bitmat-sample-sub.|D
14939|Command  started: sed -i 's/\/\//:\/\//g' ../data-store/full-bitmat-sample-sub.|D
14939|Command finished: sed -i 's/\/\//:\/\//g' ../data-store/full-bitmat-sample-sub.|D
14939|Command  started: sort -u ../data-store/full-bitmat-sample | awk -F: '{print $2}' > ../data-store/full-bitmat-sample-pre.|D
14939|Command finished: sort -u ../data-store/full-bitmat-sample | awk -F: '{print $2}' > ../data-store/full-bitmat-sample-pre.|D
14939|Command  started: sed -i 's/\/\//:\/\//g' ../data-store/full-bitmat-sample-pre.|D
14939|Command finished: sed -i 's/\/\//:\/\//g' ../data-store/full-bitmat-sample-pre.|D
14939|Command  started: sort -u ../data-store/full-bitmat-sample | awk -F: '{print $3}' > ../data-store/full-bitmat-sample-obj.|D
14939|Command finished: sort -u ../data-store/full-bitmat-sample | awk -F: '{print $3}' > ../data-store/full-bitmat-sample-obj.|D
14939|Command  started: sed -i 's/\/\//:\/\//g' ../data-store/full-bitmat-sample-obj.|D
14939|Command finished: sed -i 's/\/\//:\/\//g' ../data-store/full-bitmat-sample-obj.|D
14939|Command  started: sed -i 's/:/ /g' ../data-store/full-bitmat-sample.|D
14939|Command finished: sed -i 's/:/ /g' ../data-store/full-bitmat-sample.|D
14939|Command  started: sed -i 's/\/\//:\/\//g' ../data-store/full-bitmat-sample.|D
14939|Command finished: sed -i 's/\/\//:\/\//g' ../data-store/full-bitmat-sample.|D
14939|Command  started: sort ../data-store/full-bitmat-sample-sub | uniq > ../data-store/full-bitmat-sample-sub-all.|D
14939|Command finished: sort ../data-store/full-bitmat-sample-sub | uniq > ../data-store/full-bitmat-sample-sub-all.|D
14939|Command  started: rm ../data-store/full-bitmat-sample-sub.|D
14939|Command finished: rm ../data-store/full-bitmat-sample-sub.|D
14939|Command  started: sort ../data-store/full-bitmat-sample-pre | uniq > ../data-store/full-bitmat-sample-pre-all.|D
14939|Command finished: sort ../data-store/full-bitmat-sample-pre | uniq > ../data-store/full-bitmat-sample-pre-all.|D
14939|Command  started: rm ../data-store/full-bitmat-sample-pre.|D
14939|Command finished: rm ../data-store/full-bitmat-sample-pre.|D
14939|Command  started: sort ../data-store/full-bitmat-sample-obj | uniq > ../data-store/full-bitmat-sample-obj-all.|D
14939|Command finished: sort ../data-store/full-bitmat-sample-obj | uniq > ../data-store/full-bitmat-sample-obj-all.|D
14939|Command  started: rm ../data-store/full-bitmat-sample-obj.|D
14939|Command finished: rm ../data-store/full-bitmat-sample-obj.|D
14939|Command  started: sort ../data-store/full-bitmat-sample-sub-all ../data-store/full-bitmat-sample-obj-all | uniq -d > ../data-store/full-bitmat-sample-common.|D
14939|Command finished: sort ../data-store/full-bitmat-sample-sub-all ../data-store/full-bitmat-sample-obj-all | uniq -d > ../data-store/full-bitmat-sample-common.|D
14939|Command  started: wc -l < ../data-store/full-bitmat-sample-common > ../data-store/full-bitmat-sample-common-count.|D
14939|Command finished: wc -l < ../data-store/full-bitmat-sample-common > ../data-store/full-bitmat-sample-common-count.|D
14939|Command  started: sort ../data-store/full-bitmat-sample-sub-all ../data-store/full-bitmat-sample-common | uniq -u > ../data-store/full-bitmat-sample-sub-left.|D
14939|Command finished: sort ../data-store/full-bitmat-sample-sub-all ../data-store/full-bitmat-sample-common | uniq -u > ../data-store/full-bitmat-sample-sub-left.|D
14939|Command  started: sort ../data-store/full-bitmat-sample-obj-all ../data-store/full-bitmat-sample-common | uniq -u > ../data-store/full-bitmat-sample-obj-left.|D
14939|Command finished: sort ../data-store/full-bitmat-sample-obj-all ../data-store/full-bitmat-sample-common | uniq -u > ../data-store/full-bitmat-sample-obj-left.|D
14939|Command  started: cat ../data-store/full-bitmat-sample-common ../data-store/full-bitmat-sample-sub-left > ../data-store/full-bitmat-sample-sub-all.|D
14939|Command finished: cat ../data-store/full-bitmat-sample-common ../data-store/full-bitmat-sample-sub-left > ../data-store/full-bitmat-sample-sub-all.|D
14939|Command  started: cat ../data-store/full-bitmat-sample-common ../data-store/full-bitmat-sample-obj-left > ../data-store/full-bitmat-sample-obj-all.|D
14939|Command finished: cat ../data-store/full-bitmat-sample-common ../data-store/full-bitmat-sample-obj-left > ../data-store/full-bitmat-sample-obj-all.|D
14939|Command  started: rm ../data-store/full-bitmat-sample-sub-left.|D
14939|Command finished: rm ../data-store/full-bitmat-sample-sub-left.|D
14939|Command  started: rm ../data-store/full-bitmat-sample-obj-left.|D
14939|Command finished: rm ../data-store/full-bitmat-sample-obj-left.|D
15044|Program is started with process id: 15044.|D
15044|Setup directory paths..|D
15044|Running commands..|D
15044|Command  started: cat ../data-store/bitmat-sample-1 ../data-store/bitmat-sample-2 > ../data-store/full-bitmat-sample.|D
15044|Command finished: cat ../data-store/bitmat-sample-1 ../data-store/bitmat-sample-2 > ../data-store/full-bitmat-sample.|D
15044|Command  started: sed -i 's/://g' ../data-store/full-bitmat-sample.|D
15044|Command finished: sed -i 's/://g' ../data-store/full-bitmat-sample.|D
15044|Command  started: sed -i 's/ /:/g' ../data-store/full-bitmat-sample.|D
15044|Command finished: sed -i 's/ /:/g' ../data-store/full-bitmat-sample.|D
15044|Command  started: sort -u ../data-store/full-bitmat-sample | awk -F: '{print $1}' > ../data-store/full-bitmat-sample-sub.|D
15044|Command finished: sort -u ../data-store/full-bitmat-sample | awk -F: '{print $1}' > ../data-store/full-bitmat-sample-sub.|D
15044|Command  started: sed -i 's/\/\//:\/\//g' ../data-store/full-bitmat-sample-sub.|D
15044|Command finished: sed -i 's/\/\//:\/\//g' ../data-store/full-bitmat-sample-sub.|D
15044|Command  started: sort -u ../data-store/full-bitmat-sample | awk -F: '{print $2}' > ../data-store/full-bitmat-sample-pre.|D
15044|Command finished: sort -u ../data-store/full-bitmat-sample | awk -F: '{print $2}' > ../data-store/full-bitmat-sample-pre.|D
15044|Command  started: sed -i 's/\/\//:\/\//g' ../data-store/full-bitmat-sample-pre.|D
15044|Command finished: sed -i 's/\/\//:\/\//g' ../data-store/full-bitmat-sample-pre.|D
15044|Command  started: sort -u ../data-store/full-bitmat-sample | awk -F: '{print $3}' > ../data-store/full-bitmat-sample-obj.|D
15044|Command finished: sort -u ../data-store/full-bitmat-sample | awk -F: '{print $3}' > ../data-store/full-bitmat-sample-obj.|D
15044|Command  started: sed -i 's/\/\//:\/\//g' ../data-store/full-bitmat-sample-obj.|D
15044|Command finished: sed -i 's/\/\//:\/\//g' ../data-store/full-bitmat-sample-obj.|D
15044|Command  started: sed -i 's/:/ /g' ../data-store/full-bitmat-sample.|D
15044|Command finished: sed -i 's/:/ /g' ../data-store/full-bitmat-sample.|D
15044|Command  started: sed -i 's/\/\//:\/\//g' ../data-store/full-bitmat-sample.|D
15044|Command finished: sed -i 's/\/\//:\/\//g' ../data-store/full-bitmat-sample.|D
15044|Command  started: sort ../data-store/full-bitmat-sample-sub | uniq > ../data-store/full-bitmat-sample-sub-all.|D
15044|Command finished: sort ../data-store/full-bitmat-sample-sub | uniq > ../data-store/full-bitmat-sample-sub-all.|D
15044|Command  started: rm ../data-store/full-bitmat-sample-sub.|D
15044|Command finished: rm ../data-store/full-bitmat-sample-sub.|D
15044|Command  started: sort ../data-store/full-bitmat-sample-pre | uniq > ../data-store/full-bitmat-sample-pre-all.|D
15044|Command finished: sort ../data-store/full-bitmat-sample-pre | uniq > ../data-store/full-bitmat-sample-pre-all.|D
15044|Command  started: rm ../data-store/full-bitmat-sample-pre.|D
15044|Command finished: rm ../data-store/full-bitmat-sample-pre.|D
15044|Command  started: sort ../data-store/full-bitmat-sample-obj | uniq > ../data-store/full-bitmat-sample-obj-all.|D
15044|Command finished: sort ../data-store/full-bitmat-sample-obj | uniq > ../data-store/full-bitmat-sample-obj-all.|D
15044|Command  started: rm ../data-store/full-bitmat-sample-obj.|D
15044|Command finished: rm ../data-store/full-bitmat-sample-obj.|D
15044|Command  started: sort ../data-store/full-bitmat-sample-sub-all ../data-store/full-bitmat-sample-obj-all | uniq -d > ../data-store/full-bitmat-sample-common.|D
15044|Command finished: sort ../data-store/full-bitmat-sample-sub-all ../data-store/full-bitmat-sample-obj-all | uniq -d > ../data-store/full-bitmat-sample-common.|D
15044|Command  started: wc -l < ../data-store/full-bitmat-sample-common > ../data-store/full-bitmat-sample-common-count.|D
15044|Command finished: wc -l < ../data-store/full-bitmat-sample-common > ../data-store/full-bitmat-sample-common-count.|D
15044|Command  started: sort ../data-store/full-bitmat-sample-sub-all ../data-store/full-bitmat-sample-common | uniq -u > ../data-store/full-bitmat-sample-sub-left.|D
15044|Command finished: sort ../data-store/full-bitmat-sample-sub-all ../data-store/full-bitmat-sample-common | uniq -u > ../data-store/full-bitmat-sample-sub-left.|D
15044|Command  started: sort ../data-store/full-bitmat-sample-obj-all ../data-store/full-bitmat-sample-common | uniq -u > ../data-store/full-bitmat-sample-obj-left.|D
15044|Command finished: sort ../data-store/full-bitmat-sample-obj-all ../data-store/full-bitmat-sample-common | uniq -u > ../data-store/full-bitmat-sample-obj-left.|D
15044|Command  started: cat ../data-store/full-bitmat-sample-common ../data-store/full-bitmat-sample-sub-left > ../data-store/full-bitmat-sample-sub-all.|D
15044|Command finished: cat ../data-store/full-bitmat-sample-common ../data-store/full-bitmat-sample-sub-left > ../data-store/full-bitmat-sample-sub-all.|D
15044|Command  started: cat ../data-store/full-bitmat-sample-common ../data-store/full-bitmat-sample-obj-left > ../data-store/full-bitmat-sample-obj-all.|D
15044|Command finished: cat ../data-store/full-bitmat-sample-common ../data-store/full-bitmat-sample-obj-left > ../data-store/full-bitmat-sample-obj-all.|D
15044|Command  started: rm ../data-store/full-bitmat-sample-sub-left.|D
15044|Command finished: rm ../data-store/full-bitmat-sample-sub-left.|D
15044|Command  started: rm ../data-store/full-bitmat-sample-obj-left.|D
15044|Command finished: rm ../data-store/full-bitmat-sample-obj-left.|D
